<?xml version="1.0" encoding="UTF-8"?>
<!-- Generated by org.testng.reporters.JUnitReportReporter -->
<testsuite hostname="DESKTOP-UMRLRJO" failures="0" tests="1" name="com.wisefinch.java.TricentistestClass" time="21.974" errors="0" timestamp="2021-07-27T09:37:18 IST" skipped="0">
  <testcase classname="com.wisefinch.java.TricentistestClass" name="validate_Tricentis_minimum_rev1" time="21.974"/>
  <system-out/>
</testsuite> <!-- com.wisefinch.java.TricentistestClass -->
