<?xml version="1.0" encoding="UTF-8"?>
<!-- Generated by org.testng.reporters.JUnitReportReporter -->
<testsuite hostname="DESKTOP-UMRLRJO" failures="0" tests="1" name="com.wisefinch.java.OpenhrmliveClass" time="47.211" errors="0" timestamp="2021-07-24T09:47:16 IST" skipped="0">
  <testcase classname="com.wisefinch.java.OpenhrmliveClass" name="validate_Openhrm_live_Rev1" time="47.211"/>
  <system-out/>
</testsuite> <!-- com.wisefinch.java.OpenhrmliveClass -->
